;  LST file generated by mikroListExporter - v.2.0 
; Date/Time: 13-Feb-23 10:39:06 AM
;----------------------------------------------

;Address Opcode 	ASM
0x0000	0x000000040524  	GOTO	_main
0x0004	0x000000  	0
0x0006	0x000000  	0
0x0008	0x000000  	0
0x000A	0x000000  	0
0x000C	0x000000  	0
0x000E	0x000000  	0
0x0010	0x000000  	0
0x0012	0x000000  	0
0x0014	0x000000  	0
0x0016	0x000000  	0
0x0018	0x000000  	0
0x001A	0x0004F2  	1266
0x001C	0x000000  	0
0x001E	0x000000  	0
0x0020	0x000000  	0
0x0022	0x000000  	0
0x0024	0x000000  	0
0x0026	0x000000  	0
0x0028	0x000000  	0
0x002A	0x000000  	0
0x002C	0x000000  	0
0x002E	0x000000  	0
0x0030	0x000000  	0
0x0032	0x000000  	0
0x0034	0x000000  	0
0x0036	0x000000  	0
0x0038	0x000000  	0
0x003A	0x000000  	0
0x003C	0x000000  	0
0x003E	0x000000  	0
0x0040	0x000000  	0
0x0042	0x000000  	0
0x0044	0x000000  	0
0x0046	0x000000  	0
0x0048	0x000000  	0
0x004A	0x000000  	0
0x004C	0x000000  	0
0x004E	0x000000  	0
0x0050	0x000000  	0
0x0052	0x000000  	0
0x0054	0x000000  	0
0x0056	0x000000  	0
0x0058	0x000000  	0
0x005A	0x000000  	0
0x005C	0x000000  	0
0x005E	0x000000  	0
0x0060	0x000000  	0
0x0062	0x000000  	0
0x0064	0x000000  	0
0x0066	0x000000  	0
0x0068	0x000000  	0
0x006A	0x000000  	0
0x006C	0x000000  	0
0x006E	0x000000  	0
0x0070	0x000000  	0
0x0072	0x000000  	0
0x0074	0x000000  	0
0x0076	0x000000  	0
0x0078	0x000000  	0
0x007A	0x000000  	0
0x007C	0x000000  	0
0x007E	0x000000  	0
0x0080	0x000000  	0
0x0082	0x000000  	0
0x0084	0x000000  	0
0x0086	0x000000  	0
0x0088	0x000000  	0
0x008A	0x000000  	0
0x008C	0x000000  	0
0x008E	0x000000  	0
0x0090	0x000000  	0
0x0092	0x000000  	0
0x0094	0x000000  	0
0x0096	0x000000  	0
0x0098	0x000000  	0
0x009A	0x000000  	0
0x009C	0x000000  	0
0x009E	0x000000  	0
0x00A0	0x000000  	0
0x00A2	0x000000  	0
0x00A4	0x000000  	0
0x00A6	0x000000  	0
0x00A8	0x000000  	0
0x00AA	0x000000  	0
0x00AC	0x000000  	0
0x00AE	0x000000  	0
0x00B0	0x000000  	0
0x00B2	0x000000  	0
0x00B4	0x000000  	0
0x00B6	0x000000  	0
0x00B8	0x000000  	0
0x00BA	0x000000  	0
0x00BC	0x000000  	0
0x00BE	0x000000  	0
0x00C0	0x000000  	0
0x00C2	0x000000  	0
0x00C4	0x000000  	0
0x00C6	0x000000  	0
0x00C8	0x000000  	0
0x00CA	0x000000  	0
0x00CC	0x000000  	0
0x00CE	0x000000  	0
0x00D0	0x000000  	0
0x00D2	0x000000  	0
0x00D4	0x000000  	0
0x00D6	0x000000  	0
0x00D8	0x000000  	0
0x00DA	0x000000  	0
0x00DC	0x000000  	0
0x00DE	0x000000  	0
0x00E0	0x000000  	0
0x00E2	0x000000  	0
0x00E4	0x000000  	0
0x00E6	0x000000  	0
0x00E8	0x000000  	0
0x00EA	0x000000  	0
0x00EC	0x000000  	0
0x00EE	0x000000  	0
0x00F0	0x000000  	0
0x00F2	0x000000  	0
0x00F4	0x000000  	0
0x00F6	0x000000  	0
0x00F8	0x000000  	0
0x00FA	0x000000  	0
0x00FC	0x000000  	0
0x00FE	0x000000  	0
0x0100	0x000000  	0
0x0102	0x000000  	0
0x0104	0x000000  	0
0x0106	0x000000  	0
0x0108	0x000000  	0
0x010A	0x000000  	0
0x010C	0x000000  	0
0x010E	0x000000  	0
0x0110	0x000000  	0
0x0112	0x000000  	0
0x0114	0x000000  	0
0x0116	0x000000  	0
0x0118	0x000000  	0
0x011A	0x000000  	0
0x011C	0x000000  	0
0x011E	0x000000  	0
0x0120	0x000000  	0
0x0122	0x000000  	0
0x0124	0x000000  	0
0x0126	0x000000  	0
0x0128	0x000000  	0
0x012A	0x000000  	0
0x012C	0x000000  	0
0x012E	0x000000  	0
0x0130	0x000000  	0
0x0132	0x000000  	0
0x0134	0x000000  	0
0x0136	0x000000  	0
0x0138	0x000000  	0
0x013A	0x000000  	0
0x013C	0x000000  	0
0x013E	0x000000  	0
0x0140	0x000000  	0
0x0142	0x000000  	0
0x0144	0x000000  	0
0x0146	0x000000  	0
0x0148	0x000000  	0
0x014A	0x000000  	0
0x014C	0x000000  	0
0x014E	0x000000  	0
0x0150	0x000000  	0
0x0152	0x000000  	0
0x0154	0x000000  	0
0x0156	0x000000  	0
0x0158	0x000000  	0
0x015A	0x000000  	0
0x015C	0x000000  	0
0x015E	0x000000  	0
0x0160	0x000000  	0
0x0162	0x000000  	0
0x0164	0x000000  	0
0x0166	0x000000  	0
0x0168	0x000000  	0
0x016A	0x000000  	0
0x016C	0x000000  	0
0x016E	0x000000  	0
0x0170	0x000000  	0
0x0172	0x000000  	0
0x0174	0x000000  	0
0x0176	0x000000  	0
0x0178	0x000000  	0
0x017A	0x000000  	0
0x017C	0x000000  	0
0x017E	0x000000  	0
0x0180	0x000000  	0
0x0182	0x000000  	0
0x0184	0x000000  	0
0x0186	0x000000  	0
0x0188	0x000000  	0
0x018A	0x000000  	0
0x018C	0x000000  	0
0x018E	0x000000  	0
0x0190	0x000000  	0
0x0192	0x000000  	0
0x0194	0x000000  	0
0x0196	0x000000  	0
0x0198	0x000000  	0
0x019A	0x000000  	0
0x019C	0x000000  	0
0x019E	0x000000  	0
0x01A0	0x000000  	0
0x01A2	0x000000  	0
0x01A4	0x000000  	0
0x01A6	0x000000  	0
0x01A8	0x000000  	0
0x01AA	0x000000  	0
0x01AC	0x000000  	0
0x01AE	0x000000  	0
0x01B0	0x000000  	0
0x01B2	0x000000  	0
0x01B4	0x000000  	0
0x01B6	0x000000  	0
0x01B8	0x000000  	0
0x01BA	0x000000  	0
0x01BC	0x000000  	0
0x01BE	0x000000  	0
0x01C0	0x000000  	0
0x01C2	0x000000  	0
0x01C4	0x000000  	0
0x01C6	0x000000  	0
0x01C8	0x000000  	0
0x01CA	0x000000  	0
0x01CC	0x000000  	0
0x01CE	0x000000  	0
0x01D0	0x000000  	0
0x01D2	0x000000  	0
0x01D4	0x000000  	0
0x01D6	0x000000  	0
0x01D8	0x000000  	0
0x01DA	0x000000  	0
0x01DC	0x000000  	0
0x01DE	0x000000  	0
0x01E0	0x000000  	0
0x01E2	0x000000  	0
0x01E4	0x000000  	0
0x01E6	0x000000  	0
0x01E8	0x000000  	0
0x01EA	0x000000  	0
0x01EC	0x000000  	0
0x01EE	0x000000  	0
0x01F0	0x000000  	0
0x01F2	0x000000  	0
0x01F4	0x000000  	0
0x01F6	0x000000  	0
0x01F8	0x000000  	0
0x01FA	0x000000  	0
0x01FC	0x000000  	0
0x01FE	0x000000  	0
_main:
0x0524	0x208BCF  	MOV	#2236, W15
0x0526	0x247FF0  	MOV	#18431, W0
0x0528	0xB7A020  	MOV	WREG, SPLIM
0x052A	0x200010  	MOV	#1, W0
0x052C	0xB7A034  	MOV	WREG, PSVPAG
0x052E	0x200040  	MOV	#4, W0
0x0530	0xB72044  	IOR	CORCON
0x0532	0xFA0004  	LNK	#4
0x0534	0x00000002059A  	CALL	1434
0x0538	0x0000000205A4  	CALL	1444
;main.c,6 :: 		void main()
;main.c,9 :: 		setupTimer();
0x053C	0x781F8A  	PUSH	W10
0x053E	0x781F8B  	PUSH	W11
0x0540	0x781F8C  	PUSH	W12
0x0542	0x07FF8E  	RCALL	_setupTimer
;main.c,10 :: 		setupI2c();
0x0544	0x07FF9A  	RCALL	_setupI2c
;main.c,12 :: 		while(1)
L_main0:
;main.c,14 :: 		for(i=0;i<32;i++)
0x0546	0xEF2000  	CLR	W0
0x0548	0x984700  	MOV.B	W0, [W14+0]
L_main2:
0x054A	0x90408E  	MOV.B	[W14+0], W1
0x054C	0xB3C200  	MOV.B	#32, W0
0x054E	0xE10C00  	CP.B	W1, W0
0x0550	0x31000C  	BRA GEU	L_main3
L__main10:
;main.c,15 :: 		I2C_writeData[i]=rand();
0x0552	0x470060  	ADD	W14, #0, W0
0x0554	0xFB8090  	ZE	[W0], W1
0x0556	0x208760  	MOV	#lo_addr(_I2C_writeData), W0
0x0558	0x400001  	ADD	W0, W1, W0
0x055A	0x980710  	MOV	W0, [W14+2]
0x055C	0x07FF98  	RCALL	_rand
0x055E	0x90009E  	MOV	[W14+2], W1
0x0560	0x784880  	MOV.B	W0, [W1]
;main.c,14 :: 		for(i=0;i<32;i++)
0x0562	0xB3C011  	MOV.B	#1, W1
0x0564	0x470060  	ADD	W14, #0, W0
0x0566	0x40C810  	ADD.B	W1, [W0], [W0]
;main.c,15 :: 		I2C_writeData[i]=rand();
0x0568	0x37FFF0  	BRA	L_main2
L_main3:
;main.c,17 :: 		sendMultipleDataViaI2c(addressArduino,20,I2C_writeData);
0x056A	0x20876C  	MOV	#lo_addr(_I2C_writeData), W12
0x056C	0xB3C14B  	MOV.B	#20, W11
0x056E	0x80431A  	MOV	_addressArduino, W10
0x0570	0x07FFA9  	RCALL	_sendMultipleDataViaI2c
;main.c,18 :: 		Delay_ms(1);
0x0572	0x206827  	MOV	#1666, W7
L_main5:
0x0574	0xED200E  	DEC	W7
0x0576	0x3AFFFE  	BRA NZ	L_main5
0x0578	0x000000  	NOP
0x057A	0x000000  	NOP
;main.c,19 :: 		receiveMultipleDataViaI2c(addressArduino,20,I2C_readData);
0x057C	0x20896C  	MOV	#lo_addr(_I2C_readData), W12
0x057E	0xB3C14B  	MOV.B	#20, W11
0x0580	0x80431A  	MOV	_addressArduino, W10
0x0582	0x07FF53  	RCALL	_receiveMultipleDataViaI2c
;main.c,20 :: 		Delay_ms(1);
0x0584	0x206827  	MOV	#1666, W7
L_main7:
0x0586	0xED200E  	DEC	W7
0x0588	0x3AFFFE  	BRA NZ	L_main7
0x058A	0x000000  	NOP
0x058C	0x000000  	NOP
;main.c,21 :: 		}
0x058E	0x37FFDB  	BRA	L_main0
;main.c,22 :: 		}
L_end_main:
0x0590	0x78064F  	POP	W12
0x0592	0x7805CF  	POP	W11
0x0594	0x78054F  	POP	W10
0x0596	0xFA8000  	ULNK
L__main_end_loop:
0x0598	0x37FFFF  	BRA	L__main_end_loop
; end of _main
_setupTimer:
0x0460	0xFA0000  	LNK	#0
;timer.c,13 :: 		void setupTimer()
;timer.c,16 :: 		T1CON            = 0x8020;
0x0462	0x280200  	MOV	#32800, W0
0x0464	0xB7A104  	MOV	WREG, T1CON
;timer.c,17 :: 		T1IE_bit         = 1;
0x0466	0xA86094  	BSET	T1IE_bit, BitPos(T1IE_bit+0)
;timer.c,18 :: 		T1IF_bit         = 0;
0x0468	0xA96084  	BCLR	T1IF_bit, BitPos(T1IF_bit+0)
;timer.c,19 :: 		IPC0             = IPC0 | 0x1000;
0x046A	0x210001  	MOV	#4096, W1
0x046C	0x200A40  	MOV	#lo_addr(IPC0), W0
0x046E	0x708810  	IOR	W1, [W0], [W0]
;timer.c,20 :: 		PR1              = 25000;
0x0470	0x261A80  	MOV	#25000, W0
0x0472	0xB7A102  	MOV	WREG, PR1
;timer.c,21 :: 		}
L_end_setupTimer:
0x0474	0x000000  	NOP
0x0476	0xFA8000  	ULNK
0x0478	0x060000  	RETURN
; end of _setupTimer
_setupI2c:
0x047A	0xFA0000  	LNK	#0
;i2c.c,1 :: 		void setupI2c()
;i2c.c,3 :: 		I2C2_Init(122222);// Initialize the I2C1 module with clock_rate of 100000. Init value wrote 122222 because arduino clock rate faster than PIC.
0x047C	0x781F8A  	PUSH	W10
0x047E	0x781F8B  	PUSH	W11
0x0480	0x2DD6EA  	MOV	#56686, W10
0x0482	0x20001B  	MOV	#1, W11
0x0484	0x07FF7A  	RCALL	_I2C2_Init
;i2c.c,4 :: 		}
L_end_setupI2c:
0x0486	0x7805CF  	POP	W11
0x0488	0x78054F  	POP	W10
0x048A	0xFA8000  	ULNK
0x048C	0x060000  	RETURN
; end of _setupI2c
_I2C2_Init:
0x037A	0xFA0004  	LNK	#4
0x037C	0x000000  	NOP
0x037E	0x000000  	NOP
;__Lib_I2C_123_p24fj.c,292 :: 		
;__Lib_I2C_123_p24fj.c,299 :: 		
0x0380	0x07FFC3  	RCALL	__Lib_I2C_123_p24fj_SetI2C2Ptrs
;__Lib_I2C_123_p24fj.c,301 :: 		
0x0382	0x07FFD2  	RCALL	_Get_Fosc_kHz
0x0384	0x201F42  	MOV	#500, W2
0x0386	0x200003  	MOV	#0, W3
0x0388	0x07FFAA  	RCALL	__Multiply_32x32
; fcy start address is: 4 (W2)
0x038A	0xBE0100  	MOV.D	W0, W2
;__Lib_I2C_123_p24fj.c,302 :: 		
0x038C	0xBE9F82  	PUSH.D	W2
0x038E	0xBE9F8A  	PUSH.D	W10
0x0390	0xBE0002  	MOV.D	W2, W0
0x0392	0x296802  	MOV	#38528, W2
0x0394	0x200983  	MOV	#152, W3
0x0396	0xEB0200  	CLR	W4
0x0398	0x07FF76  	RCALL	__Divide_32x32
0x039A	0xBE054F  	POP.D	W10
0x039C	0xBE014F  	POP.D	W2
0x039E	0x980700  	MOV	W0, [W14+0]
0x03A0	0x980711  	MOV	W1, [W14+2]
;__Lib_I2C_123_p24fj.c,303 :: 		
0x03A2	0xBE0002  	MOV.D	W2, W0
0x03A4	0xBE010A  	MOV.D	W10, W2
0x03A6	0xEB0200  	CLR	W4
0x03A8	0x07FF6E  	RCALL	__Divide_32x32
0x03AA	0xBE0100  	MOV.D	W0, W2
;__Lib_I2C_123_p24fj.c,304 :: 		
0x03AC	0x470060  	ADD	W14, #0, W0
0x03AE	0x510130  	SUB	W2, [W0++], W2
0x03B0	0x5981A0  	SUBB	W3, [W0--], W3
0x03B2	0x510061  	SUB	W2, #1, W0
0x03B4	0x5980E0  	SUBB	W3, #0, W1
; fcy end address is: 4 (W2)
; fcy start address is: 0 (W0)
;__Lib_I2C_123_p24fj.c,306 :: 		
0x03B6	0x8810A0  	MOV	W0, I2C2BRG
; fcy end address is: 0 (W0)
;__Lib_I2C_123_p24fj.c,307 :: 		
0x03B8	0xA8E217  	BSET	I2C2CON, #15
;__Lib_I2C_123_p24fj.c,308 :: 		
0x03BA	0x07FF9B  	RCALL	_Delay_100ms
;__Lib_I2C_123_p24fj.c,309 :: 		
0x03BC	0xEF2218  	CLR	I2C2STAT
;__Lib_I2C_123_p24fj.c,311 :: 		
0x03BE	0x07FF4F  	RCALL	__Lib_I2C_123_p24fj_I2C2_Wait_For_Idle
;__Lib_I2C_123_p24fj.c,313 :: 		
0x03C0	0x07FF45  	RCALL	_Delay_1us
;__Lib_I2C_123_p24fj.c,314 :: 		
L_end_I2C2_Init:
0x03C2	0x000000  	NOP
0x03C4	0xFA8000  	ULNK
0x03C6	0x060000  	RETURN
; end of _I2C2_Init
__Lib_I2C_123_p24fj_SetI2C2Ptrs:
0x0308	0xFA0000  	LNK	#0
;__Lib_I2C_123_p24fj.c,283 :: 		
;__Lib_I2C_123_p24fj.c,284 :: 		
0x030A	0x202000  	MOV	#lo_addr(_I2C2_Is_Idle), W0
0x030C	0x884370  	MOV	W0, _I2C_Is_Idle_Ptr
;__Lib_I2C_123_p24fj.c,285 :: 		
0x030E	0x203FC0  	MOV	#lo_addr(_I2C2_Start), W0
0x0310	0x884340  	MOV	W0, _I2C_Start_Ptr
;__Lib_I2C_123_p24fj.c,286 :: 		
0x0312	0x2FFFF0  	MOV	#lo_addr(_I2C2_Restart), W0
0x0314	0x884350  	MOV	W0, _I2C_Restart_Ptr
;__Lib_I2C_123_p24fj.c,287 :: 		
0x0316	0x203C80  	MOV	#lo_addr(_I2C2_Read), W0
0x0318	0x884360  	MOV	W0, _I2C_Read_Ptr
;__Lib_I2C_123_p24fj.c,288 :: 		
0x031A	0x203620  	MOV	#lo_addr(_I2C2_Write), W0
0x031C	0x884390  	MOV	W0, _I2C_Write_Ptr
;__Lib_I2C_123_p24fj.c,289 :: 		
0x031E	0x203340  	MOV	#lo_addr(_I2C2_Stop), W0
0x0320	0x8843A0  	MOV	W0, _I2C_Stop_Ptr
;__Lib_I2C_123_p24fj.c,290 :: 		
L_end_SetI2C2Ptrs:
0x0322	0x000000  	NOP
0x0324	0xFA8000  	ULNK
0x0326	0x060000  	RETURN
; end of __Lib_I2C_123_p24fj_SetI2C2Ptrs
_Get_Fosc_kHz:
0x0328	0xFA0000  	LNK	#0
;__Lib_Delays.c,38 :: 		unsigned long Get_Fosc_kHz() {
;__Lib_Delays.c,39 :: 		return Clock_kHz();
0x032A	0x227100  	MOV	#10000, W0
0x032C	0x200001  	MOV	#0, W1
;__Lib_Delays.c,40 :: 		}
L_end_Get_Fosc_kHz:
0x032E	0x000000  	NOP
0x0330	0xFA8000  	ULNK
0x0332	0x060000  	RETURN
; end of _Get_Fosc_kHz
_Delay_100ms:
0x02F2	0xFA0000  	LNK	#0
;__Lib_Delays.c,666 :: 		void Delay_100ms()
;__Lib_Delays.c,668 :: 		Delay_ms(100);
0x02F4	0x200038  	MOV	#3, W8
0x02F6	0x28B0A7  	MOV	#35594, W7
L_Delay_100ms31:
0x02F8	0xED200E  	DEC	W7
0x02FA	0x3AFFFE  	BRA NZ	L_Delay_100ms31
0x02FC	0xED2010  	DEC	W8
0x02FE	0x3AFFFC  	BRA NZ	L_Delay_100ms31
0x0300	0x000000  	NOP
;__Lib_Delays.c,669 :: 		}
L_end_Delay_100ms:
0x0302	0x000000  	NOP
0x0304	0xFA8000  	ULNK
0x0306	0x060000  	RETURN
; end of _Delay_100ms
__Lib_I2C_123_p24fj_I2C2_Wait_For_Idle:
0x025E	0xFA0000  	LNK	#0
0x0260	0x000000  	NOP
0x0262	0x000000  	NOP
;__Lib_I2C_123_p24fj.c,201 :: 		
;__Lib_I2C_123_p24fj.c,203 :: 		
L___Lib_I2C_123_p24fj_I2C2_Wait_For_Idle23:
0x0264	0x07FFCD  	RCALL	_I2C2_Is_Idle
0x0266	0xE20000  	CP0	W0
0x0268	0x3A0001  	BRA NZ	L___Lib_I2C_123_p24fj_I2C2_Wait_For_Idle24
L___Lib_I2C_123_p24fj_I2C2_Wait_For_Idle87:
;__Lib_I2C_123_p24fj.c,204 :: 		
0x026A	0x37FFFC  	BRA	L___Lib_I2C_123_p24fj_I2C2_Wait_For_Idle23
L___Lib_I2C_123_p24fj_I2C2_Wait_For_Idle24:
;__Lib_I2C_123_p24fj.c,205 :: 		
L_end_I2C2_Wait_For_Idle:
0x026C	0x000000  	NOP
0x026E	0xFA8000  	ULNK
0x0270	0x060000  	RETURN
; end of __Lib_I2C_123_p24fj_I2C2_Wait_For_Idle
_I2C2_Is_Idle:
0x0200	0xFA0000  	LNK	#0
;__Lib_I2C_123_p24fj.c,192 :: 		
;__Lib_I2C_123_p24fj.c,194 :: 		
0x0202	0xEF6002  	CLR.B	W1
0x0204	0xAF0216  	BTSC	I2C2CON, #0
0x0206	0xEC6002  	INC.B	W1
0x0208	0xEF6000  	CLR.B	W0
0x020A	0xAF4216  	BTSC	I2C2CON, #2
0x020C	0xEC6000  	INC.B	W0
0x020E	0xFB8081  	ZE	W1, W1
0x0210	0xFB8000  	ZE	W0, W0
0x0212	0x708080  	IOR	W1, W0, W1
0x0214	0xEF6000  	CLR.B	W0
0x0216	0xAF6216  	BTSC	I2C2CON, #3
0x0218	0xEC6000  	INC.B	W0
0x021A	0xFB8000  	ZE	W0, W0
0x021C	0x708080  	IOR	W1, W0, W1
0x021E	0xEF6000  	CLR.B	W0
0x0220	0xAF8216  	BTSC	I2C2CON, #4
0x0222	0xEC6000  	INC.B	W0
0x0224	0xFB8000  	ZE	W0, W0
0x0226	0x708080  	IOR	W1, W0, W1
;__Lib_I2C_123_p24fj.c,195 :: 		
0x0228	0xEF6000  	CLR.B	W0
0x022A	0xAF2216  	BTSC	I2C2CON, #1
0x022C	0xEC6000  	INC.B	W0
0x022E	0xFB8000  	ZE	W0, W0
0x0230	0x708080  	IOR	W1, W0, W1
0x0232	0xEF6000  	CLR.B	W0
0x0234	0xAFC219  	BTSC	I2C2STAT, #14
0x0236	0xEC6000  	INC.B	W0
0x0238	0xFB8000  	ZE	W0, W0
0x023A	0x708000  	IOR	W1, W0, W0
;__Lib_I2C_123_p24fj.c,197 :: 		
0x023C	0xE20000  	CP0	W0
0x023E	0xEF6000  	CLR.B	W0
0x0240	0x3A0001  	BRA NZ	L__I2C2_Is_Idle85
0x0242	0xEC6000  	INC.B	W0
L__I2C2_Is_Idle85:
0x0244	0xFB8000  	ZE	W0, W0
;__Lib_I2C_123_p24fj.c,198 :: 		
L_end_I2C2_Is_Idle:
0x0246	0x000000  	NOP
0x0248	0xFA8000  	ULNK
0x024A	0x060000  	RETURN
; end of _I2C2_Is_Idle
_Delay_1us:
0x024C	0xFA0000  	LNK	#0
;__Lib_Delays.c,380 :: 		void Delay_1us()
;__Lib_Delays.c,382 :: 		Delay_us(1);
0x024E	0x000000  	NOP
0x0250	0x000000  	NOP
0x0252	0x000000  	NOP
0x0254	0x000000  	NOP
0x0256	0x000000  	NOP
;__Lib_Delays.c,383 :: 		}
L_end_Delay_1us:
0x0258	0x000000  	NOP
0x025A	0xFA8000  	ULNK
0x025C	0x060000  	RETURN
; end of _Delay_1us
__Multiply_32x32:
0x02DE	0xFA0000  	LNK	#0
;__Lib_Math.c,43 :: 		
;__Lib_Math.c,46 :: 		
0x02E0	0xB80A02  	MUL.UU	W1, W2, W4
;__Lib_Math.c,47 :: 		
0x02E2	0x880050  	MOV	W0, W5
;__Lib_Math.c,48 :: 		
0x02E4	0xB80002  	MUL.UU	W0, W2, W0
;__Lib_Math.c,49 :: 		
0x02E6	0x420081  	ADD	W4, W1, W1
;__Lib_Math.c,50 :: 		
0x02E8	0xB82A03  	MUL.UU	W5, W3, W4
;__Lib_Math.c,51 :: 		
0x02EA	0x420081  	ADD	W4, W1, W1
;__Lib_Math.c,54 :: 		
L_end__Multiply_32x32:
0x02EC	0x000000  	NOP
0x02EE	0xFA8000  	ULNK
0x02F0	0x060000  	RETURN
; end of __Multiply_32x32
__Divide_32x32:
0x0286	0xFA0000  	LNK	#0
0x0288	0x000000  	NOP
0x028A	0x000000  	NOP
;__Lib_Math.c,78 :: 		
;__Lib_Math.c,81 :: 		
0x028C	0x070002  	RCALL	Divide_32x32___testsus
;__Lib_Math.c,83 :: 		
0x028E	0x0000000402D8  	GOTO	the_end_Divide_32x32
;__Lib_Math.c,88 :: 		
Divide_32x32___testsus:
;__Lib_Math.c,89 :: 		
0x0292	0xE20008  	CP0	W4
;__Lib_Math.c,90 :: 		
0x0294	0x3A0002  	BRA NZ	Divide_32x32___divsi3
;__Lib_Math.c,92 :: 		
0x0296	0x070010  	RCALL	Divide_32x32___udivsi3
;__Lib_Math.c,93 :: 		
0x0298	0x060000  	RETURN
;__Lib_Math.c,95 :: 		
Divide_32x32___divsi3:
;__Lib_Math.c,96 :: 		
0x029A	0x689F83  	XOR	W1, W3, [W15++]
;__Lib_Math.c,97 :: 		
0x029C	0xE20002  	CP0	W1
;__Lib_Math.c,98 :: 		
0x029E	0x3D0002  	BRA GE	Divide_32x32_divtestb
;__Lib_Math.c,99 :: 		
0x02A0	0x100060  	SUBR	W0, #0, W0
;__Lib_Math.c,100 :: 		
0x02A2	0x1880E0  	SUBBR	W1, #0, W1
;__Lib_Math.c,101 :: 		
Divide_32x32_divtestb:
;__Lib_Math.c,102 :: 		
0x02A4	0xE20006  	CP0	W3
;__Lib_Math.c,103 :: 		
0x02A6	0x3D0002  	BRA GE	Divide_32x32_calcquot
;__Lib_Math.c,104 :: 		
0x02A8	0x110160  	SUBR	W2, #0, W2
;__Lib_Math.c,105 :: 		
0x02AA	0x1981E0  	SUBBR	W3, #0, W3
;__Lib_Math.c,106 :: 		
Divide_32x32_calcquot:
;__Lib_Math.c,107 :: 		
0x02AC	0x070005  	RCALL	Divide_32x32___udivsi3
;__Lib_Math.c,108 :: 		
0x02AE	0xE0004F  	CP0	[--W15]
;__Lib_Math.c,109 :: 		
0x02B0	0x3B0002  	BRA NN	Divide_32x32_returnq
;__Lib_Math.c,110 :: 		
0x02B2	0x100060  	SUBR	W0, #0, W0
;__Lib_Math.c,111 :: 		
0x02B4	0x1880E0  	SUBBR	W1, #0, W1
;__Lib_Math.c,112 :: 		
Divide_32x32_returnq:
;__Lib_Math.c,113 :: 		
0x02B6	0x060000  	RETURN
;__Lib_Math.c,114 :: 		
Divide_32x32___udivsi3:
;__Lib_Math.c,115 :: 		
0x02B8	0xB82260  	MUL.UU	W4, #0, W4
;__Lib_Math.c,116 :: 		
0x02BA	0x200206  	MOV	#32, W6
;__Lib_Math.c,117 :: 		
Divide_32x32_nextbit:
;__Lib_Math.c,118 :: 		
0x02BC	0xD00000  	SL	W0, W0
;__Lib_Math.c,119 :: 		
0x02BE	0xD28081  	RLC	W1, W1
;__Lib_Math.c,120 :: 		
0x02C0	0xD28204  	RLC	W4, W4
;__Lib_Math.c,121 :: 		
0x02C2	0xD28285  	RLC	W5, W5
;__Lib_Math.c,122 :: 		
0x02C4	0xA80000  	BSET	W0, #0
;__Lib_Math.c,123 :: 		
0x02C6	0x520202  	SUB	W4, W2, W4
;__Lib_Math.c,124 :: 		
0x02C8	0x5A8283  	SUBB	W5, W3, W5
;__Lib_Math.c,125 :: 		
0x02CA	0x3B0003  	BRA NN	Divide_32x32_iterate
;__Lib_Math.c,126 :: 		
0x02CC	0x420202  	ADD	W4, W2, W4
;__Lib_Math.c,127 :: 		
0x02CE	0x4A8283  	ADDC	W5, W3, W5
;__Lib_Math.c,128 :: 		
0x02D0	0xA10000  	BCLR	W0, #0
;__Lib_Math.c,129 :: 		
Divide_32x32_iterate:
;__Lib_Math.c,130 :: 		
0x02D2	0xE90306  	DEC	W6, W6
;__Lib_Math.c,131 :: 		
0x02D4	0x3AFFF3  	BRA NZ	Divide_32x32_nextbit
;__Lib_Math.c,132 :: 		
0x02D6	0x060000  	RETURN
;__Lib_Math.c,135 :: 		
the_end_Divide_32x32:
;__Lib_Math.c,138 :: 		
L_end__Divide_32x32:
0x02D8	0x000000  	NOP
0x02DA	0xFA8000  	ULNK
0x02DC	0x060000  	RETURN
; end of __Divide_32x32
_rand:
0x048E	0xFA0000  	LNK	#0
;__Lib_CStdlib.c,307 :: 		
;__Lib_CStdlib.c,308 :: 		
0x0490	0x781F8A  	PUSH	W10
0x0492	0x208BA0  	MOV	#lo_addr(__Lib_CStdlib_randf), W0
0x0494	0xE00010  	CP0	[W0]
0x0496	0x3A0002  	BRA NZ	L_rand72
L__rand160:
;__Lib_CStdlib.c,309 :: 		
0x0498	0x20001A  	MOV	#1, W10
0x049A	0x07FF59  	RCALL	_srand
L_rand72:
;__Lib_CStdlib.c,310 :: 		
0x049C	0x8045B0  	MOV	__Lib_CStdlib_randx, W0
0x049E	0x8045C1  	MOV	__Lib_CStdlib_randx+2, W1
0x04A0	0x24E6D2  	MOV	#20077, W2
0x04A2	0x241C63  	MOV	#16838, W3
0x04A4	0x07FF1C  	RCALL	__Multiply_32x32
0x04A6	0x230392  	MOV	#12345, W2
0x04A8	0x200003  	MOV	#0, W3
0x04AA	0x400002  	ADD	W0, W2, W0
0x04AC	0x488083  	ADDC	W1, W3, W1
0x04AE	0xDE8940  	ASR	W1, #0, W2
0x04B0	0xDE89CF  	ASR	W1, #15, W3
0x04B2	0x27FFF0  	MOV	#32767, W0
0x04B4	0x200001  	MOV	#0, W1
0x04B6	0x610000  	AND	W2, W0, W0
0x04B8	0x618081  	AND	W3, W1, W1
0x04BA	0x8845B0  	MOV	W0, __Lib_CStdlib_randx
0x04BC	0x8845C1  	MOV	W1, __Lib_CStdlib_randx+2
;__Lib_CStdlib.c,311 :: 		
;__Lib_CStdlib.c,312 :: 		
;__Lib_CStdlib.c,311 :: 		
;__Lib_CStdlib.c,312 :: 		
L_end_rand:
0x04BE	0x78054F  	POP	W10
0x04C0	0xFA8000  	ULNK
0x04C2	0x060000  	RETURN
; end of _rand
_srand:
0x034E	0xFA0000  	LNK	#0
;__Lib_CStdlib.c,301 :: 		
;__Lib_CStdlib.c,302 :: 		
0x0350	0x78000A  	MOV	W10, W0
0x0352	0xEB0080  	CLR	W1
0x0354	0x8845B0  	MOV	W0, __Lib_CStdlib_randx
0x0356	0x8845C1  	MOV	W1, __Lib_CStdlib_randx+2
;__Lib_CStdlib.c,303 :: 		
0x0358	0x200010  	MOV	#1, W0
0x035A	0x8845D0  	MOV	W0, __Lib_CStdlib_randf
;__Lib_CStdlib.c,304 :: 		
L_end_srand:
0x035C	0x000000  	NOP
0x035E	0xFA8000  	ULNK
0x0360	0x060000  	RETURN
; end of _srand
_sendMultipleDataViaI2c:
0x04C4	0xFA0000  	LNK	#0
0x04C6	0x000000  	NOP
;i2c.c,6 :: 		void sendMultipleDataViaI2c(char address,char length ,char *data_)
;i2c.c,9 :: 		I2C2_Start();
0x04C8	0x781F8A  	PUSH	W10
0x04CA	0x07FF98  	RCALL	_I2C2_Start
;i2c.c,10 :: 		I2C2_Write(address<<1);//send address byte via I2C doing shift 1 bit
0x04CC	0xFB800A  	ZE	W10, W0
0x04CE	0xDD0041  	SL	W0, #1, W0
0x04D0	0x784500  	MOV.B	W0, W10
0x04D2	0x07FF47  	RCALL	_I2C2_Write
;i2c.c,12 :: 		for(i=0;i<length;i++)
; i start address is: 2 (W1)
0x04D4	0xEF2002  	CLR	W1
; i end address is: 2 (W1)
L_sendMultipleDataViaI2c0:
; i start address is: 2 (W1)
0x04D6	0xE10C0B  	CP.B	W1, W11
0x04D8	0x310008  	BRA GEU	L_sendMultipleDataViaI2c1
L__sendMultipleDataViaI2c8:
;i2c.c,14 :: 		I2C2_Write(data_[i]  );//send 1 byte data
0x04DA	0xFB8001  	ZE	W1, W0
0x04DC	0x460000  	ADD	W12, W0, W0
0x04DE	0x781F8A  	PUSH	W10
0x04E0	0x784510  	MOV.B	[W0], W10
0x04E2	0x07FF3F  	RCALL	_I2C2_Write
0x04E4	0x78054F  	POP	W10
;i2c.c,12 :: 		for(i=0;i<length;i++)
0x04E6	0xEC6002  	INC.B	W1
;i2c.c,15 :: 		}
; i end address is: 2 (W1)
0x04E8	0x37FFF6  	BRA	L_sendMultipleDataViaI2c0
L_sendMultipleDataViaI2c1:
;i2c.c,16 :: 		I2C2_Stop();
0x04EA	0x07FF24  	RCALL	_I2C2_Stop
;i2c.c,17 :: 		}
L_end_sendMultipleDataViaI2c:
0x04EC	0x78054F  	POP	W10
0x04EE	0xFA8000  	ULNK
0x04F0	0x060000  	RETURN
; end of _sendMultipleDataViaI2c
_I2C2_Start:
0x03FC	0xFA0000  	LNK	#0
0x03FE	0x000000  	NOP
;__Lib_I2C_123_p24fj.c,209 :: 		
;__Lib_I2C_123_p24fj.c,215 :: 		
; j start address is: 4 (W2)
0x0400	0xEF2004  	CLR	W2
; j end address is: 4 (W2)
L_I2C2_Start25:
; j start address is: 4 (W2)
0x0402	0x227100  	MOV	#10000, W0
0x0404	0xE11000  	CP	W2, W0
0x0406	0x3E0006  	BRA GTU	L_I2C2_Start26
L__I2C2_Start89:
;__Lib_I2C_123_p24fj.c,216 :: 		
0x0408	0x07FEFB  	RCALL	_I2C2_Is_Idle
0x040A	0xE20000  	CP0	W0
0x040C	0x320001  	BRA Z	L_I2C2_Start28
L__I2C2_Start90:
;__Lib_I2C_123_p24fj.c,217 :: 		
0x040E	0x370002  	BRA	L_I2C2_Start26
L_I2C2_Start28:
;__Lib_I2C_123_p24fj.c,215 :: 		
0x0410	0xEC2004  	INC	W2
;__Lib_I2C_123_p24fj.c,218 :: 		
0x0412	0x37FFF7  	BRA	L_I2C2_Start25
L_I2C2_Start26:
;__Lib_I2C_123_p24fj.c,220 :: 		
0x0414	0x227110  	MOV	#10001, W0
0x0416	0xE11000  	CP	W2, W0
0x0418	0x390002  	BRA LTU	L_I2C2_Start29
L__I2C2_Start91:
; j end address is: 4 (W2)
;__Lib_I2C_123_p24fj.c,221 :: 		
0x041A	0x200FF0  	MOV	#255, W0
0x041C	0x370003  	BRA	L_end_I2C2_Start
L_I2C2_Start29:
;__Lib_I2C_123_p24fj.c,223 :: 		
0x041E	0xA80216  	BSET.B	I2C2CON, #0
;__Lib_I2C_123_p24fj.c,224 :: 		
0x0420	0x07FF28  	RCALL	__Lib_I2C_123_p24fj_I2C2_Is_Finished
;__Lib_I2C_123_p24fj.c,225 :: 		
0x0422	0xEF2000  	CLR	W0
;__Lib_I2C_123_p24fj.c,227 :: 		
L_end_I2C2_Start:
0x0424	0x000000  	NOP
0x0426	0xFA8000  	ULNK
0x0428	0x060000  	RETURN
; end of _I2C2_Start
__Lib_I2C_123_p24fj_I2C2_Is_Finished:
0x0272	0xFA0000  	LNK	#0
0x0274	0x000000  	NOP
0x0276	0x000000  	NOP
;__Lib_I2C_123_p24fj.c,184 :: 		
;__Lib_I2C_123_p24fj.c,185 :: 		
L___Lib_I2C_123_p24fj_I2C2_Is_Finished21:
0x0278	0xAF408A  	BTSC	IFS3, #2
0x027A	0x370001  	BRA	L___Lib_I2C_123_p24fj_I2C2_Is_Finished22
;__Lib_I2C_123_p24fj.c,186 :: 		
0x027C	0x37FFFD  	BRA	L___Lib_I2C_123_p24fj_I2C2_Is_Finished21
L___Lib_I2C_123_p24fj_I2C2_Is_Finished22:
;__Lib_I2C_123_p24fj.c,187 :: 		
0x027E	0xA9408A  	BCLR.B	IFS3, #2
;__Lib_I2C_123_p24fj.c,188 :: 		
L_end_I2C2_Is_Finished:
0x0280	0x000000  	NOP
0x0282	0xFA8000  	ULNK
0x0284	0x060000  	RETURN
; end of __Lib_I2C_123_p24fj_I2C2_Is_Finished
_I2C2_Write:
0x0362	0xFA0000  	LNK	#0
;__Lib_I2C_123_p24fj.c,246 :: 		
;__Lib_I2C_123_p24fj.c,247 :: 		
0x0364	0xFB800A  	ZE	W10, W0
0x0366	0xB7A212  	MOV	WREG, I2C2TRN
;__Lib_I2C_123_p24fj.c,248 :: 		
0x0368	0xAEE218  	BTSS	I2C2STAT, #7
0x036A	0x370002  	BRA	L_I2C2_Write35
;__Lib_I2C_123_p24fj.c,249 :: 		
0x036C	0x200010  	MOV	#1, W0
0x036E	0x370002  	BRA	L_end_I2C2_Write
L_I2C2_Write35:
;__Lib_I2C_123_p24fj.c,251 :: 		
0x0370	0x07FF80  	RCALL	__Lib_I2C_123_p24fj_I2C2_Is_Finished
;__Lib_I2C_123_p24fj.c,253 :: 		
0x0372	0xEF2000  	CLR	W0
;__Lib_I2C_123_p24fj.c,254 :: 		
L_end_I2C2_Write:
0x0374	0x000000  	NOP
0x0376	0xFA8000  	ULNK
0x0378	0x060000  	RETURN
; end of _I2C2_Write
_I2C2_Stop:
0x0334	0xFA0000  	LNK	#0
0x0336	0x000000  	NOP
0x0338	0x000000  	NOP
;__Lib_I2C_123_p24fj.c,237 :: 		
;__Lib_I2C_123_p24fj.c,238 :: 		
L_I2C2_Stop33:
0x033A	0xBF8216  	MOV	I2C2CON, WREG
0x033C	0x60007F  	AND	W0, #31, W0
0x033E	0xE20000  	CP0	W0
0x0340	0x320001  	BRA Z	L_I2C2_Stop34
L__I2C2_Stop95:
;__Lib_I2C_123_p24fj.c,239 :: 		
0x0342	0x37FFFB  	BRA	L_I2C2_Stop33
L_I2C2_Stop34:
;__Lib_I2C_123_p24fj.c,241 :: 		
0x0344	0xA84216  	BSET.B	I2C2CON, #2
;__Lib_I2C_123_p24fj.c,242 :: 		
0x0346	0x07FF95  	RCALL	__Lib_I2C_123_p24fj_I2C2_Is_Finished
;__Lib_I2C_123_p24fj.c,243 :: 		
L_end_I2C2_Stop:
0x0348	0x000000  	NOP
0x034A	0xFA8000  	ULNK
0x034C	0x060000  	RETURN
; end of _I2C2_Stop
_receiveMultipleDataViaI2c:
0x042A	0xFA0002  	LNK	#2
0x042C	0x000000  	NOP
;i2c.c,19 :: 		void receiveMultipleDataViaI2c(char address,char length, char *data_)
;i2c.c,22 :: 		I2C2_Start();
0x042E	0x781F8A  	PUSH	W10
0x0430	0x07FFE5  	RCALL	_I2C2_Start
;i2c.c,23 :: 		I2C2_Write(address<<1 | 0x01);//0x01 necessary for arduino request event
0x0432	0xFB800A  	ZE	W10, W0
0x0434	0xDD0041  	SL	W0, #1, W0
0x0436	0x700061  	IOR	W0, #1, W0
0x0438	0x784500  	MOV.B	W0, W10
0x043A	0x07FF93  	RCALL	_I2C2_Write
;i2c.c,24 :: 		for(i=0;i<length;i++)
; i start address is: 4 (W2)
0x043C	0xEF2004  	CLR	W2
; i end address is: 4 (W2)
L_receiveMultipleDataViaI2c3:
; i start address is: 4 (W2)
0x043E	0xE1140B  	CP.B	W2, W11
0x0440	0x31000B  	BRA GEU	L_receiveMultipleDataViaI2c4
L__receiveMultipleDataViaI2c10:
;i2c.c,26 :: 		data_[i] = I2C2_Read(_I2C_ACK);//read 1 byte data
0x0442	0xFB8002  	ZE	W2, W0
0x0444	0x460000  	ADD	W12, W0, W0
0x0446	0x980700  	MOV	W0, [W14+0]
0x0448	0x781F8A  	PUSH	W10
0x044A	0xEF2014  	CLR	W10
0x044C	0x07FFBD  	RCALL	_I2C2_Read
0x044E	0x78054F  	POP	W10
0x0450	0x90008E  	MOV	[W14+0], W1
0x0452	0x784880  	MOV.B	W0, [W1]
;i2c.c,24 :: 		for(i=0;i<length;i++)
0x0454	0xEC6004  	INC.B	W2
;i2c.c,27 :: 		}
; i end address is: 4 (W2)
0x0456	0x37FFF3  	BRA	L_receiveMultipleDataViaI2c3
L_receiveMultipleDataViaI2c4:
;i2c.c,28 :: 		I2C2_Stop();
0x0458	0x07FF6D  	RCALL	_I2C2_Stop
;i2c.c,29 :: 		}
L_end_receiveMultipleDataViaI2c:
0x045A	0x78054F  	POP	W10
0x045C	0xFA8000  	ULNK
0x045E	0x060000  	RETURN
; end of _receiveMultipleDataViaI2c
_I2C2_Read:
0x03C8	0xFA0000  	LNK	#0
0x03CA	0x000000  	NOP
0x03CC	0x000000  	NOP
;__Lib_I2C_123_p24fj.c,257 :: 		
;__Lib_I2C_123_p24fj.c,258 :: 		
L_I2C2_Read36:
0x03CE	0xBF8216  	MOV	I2C2CON, WREG
0x03D0	0x60007F  	AND	W0, #31, W0
0x03D2	0xE20000  	CP0	W0
0x03D4	0x320001  	BRA Z	L_I2C2_Read37
L__I2C2_Read98:
;__Lib_I2C_123_p24fj.c,259 :: 		
0x03D6	0x37FFFB  	BRA	L_I2C2_Read36
L_I2C2_Read37:
;__Lib_I2C_123_p24fj.c,261 :: 		
0x03D8	0xA86216  	BSET.B	I2C2CON, #3
;__Lib_I2C_123_p24fj.c,262 :: 		
0x03DA	0x07FF4B  	RCALL	__Lib_I2C_123_p24fj_I2C2_Is_Finished
;__Lib_I2C_123_p24fj.c,265 :: 		
L_I2C2_Read38:
0x03DC	0xBF8216  	MOV	I2C2CON, WREG
0x03DE	0x60007F  	AND	W0, #31, W0
0x03E0	0xE20000  	CP0	W0
0x03E2	0x320001  	BRA Z	L_I2C2_Read39
L__I2C2_Read99:
;__Lib_I2C_123_p24fj.c,266 :: 		
0x03E4	0x37FFFB  	BRA	L_I2C2_Read38
L_I2C2_Read39:
;__Lib_I2C_123_p24fj.c,270 :: 		
0x03E6	0xE20014  	CP0	W10
0x03E8	0x320002  	BRA Z	L_I2C2_Read40
L__I2C2_Read100:
;__Lib_I2C_123_p24fj.c,271 :: 		
0x03EA	0xA8A216  	BSET.B	I2C2CON, #5
;__Lib_I2C_123_p24fj.c,272 :: 		
0x03EC	0x370001  	BRA	L_I2C2_Read41
L_I2C2_Read40:
;__Lib_I2C_123_p24fj.c,274 :: 		
0x03EE	0xA9A216  	BCLR.B	I2C2CON, #5
;__Lib_I2C_123_p24fj.c,275 :: 		
L_I2C2_Read41:
;__Lib_I2C_123_p24fj.c,276 :: 		
0x03F0	0xA88216  	BSET.B	I2C2CON, #4
;__Lib_I2C_123_p24fj.c,277 :: 		
0x03F2	0x07FF3F  	RCALL	__Lib_I2C_123_p24fj_I2C2_Is_Finished
;__Lib_I2C_123_p24fj.c,280 :: 		
0x03F4	0xBFC210  	MOV.B	I2C2RCV, WREG
;__Lib_I2C_123_p24fj.c,281 :: 		
L_end_I2C2_Read:
0x03F6	0x000000  	NOP
0x03F8	0xFA8000  	ULNK
0x03FA	0x060000  	RETURN
; end of _I2C2_Read
0x059A	0x20862A  	MOV	#2146, W10
0x059C	0x20000B  	MOV	#0, W11
0x059E	0x09002C  	REPEAT	#44
0x05A0	0x781D0B  	MOV	W11, [W10++]
0x05A2	0x060000  	RETURN
0x05A4	0x208621  	MOV	#lo_addr(_addressArduino), W1
0x05A6	0x280000  	MOV	#32768, W0
0x05A8	0x090002  	REPEAT	#2
0x05AA	0x7818B0  	MOV	[W0++], [W1++]
0x05AC	0x060000  	RETURN
_Timer1Interrupt:
0x04F2	0xFA0000  	LNK	#0
0x04F4	0xF80034  	PUSH	PSVPAG
0x04F6	0xF80036  	PUSH	RCOUNT
0x04F8	0x781F80  	PUSH	W0
0x04FA	0x200020  	MOV	#2, W0
0x04FC	0x09000C  	REPEAT	#12
0x04FE	0x781FB0  	PUSH	[W0++]
;timer.c,4 :: 		void Timer1Interrupt() iv IVT_ADDR_T1INTERRUPT{
;timer.c,5 :: 		if(IFS0bits.T1IF==1)
0x0500	0xAE6084  	BTSS	IFS0bits, #3
0x0502	0x370008  	BRA	L_Timer1Interrupt0
;timer.c,7 :: 		millis_count++;     //increment millisecond count
0x0504	0x200011  	MOV	#1, W1
0x0506	0x200002  	MOV	#0, W2
0x0508	0x208640  	MOV	#lo_addr(_millis_count), W0
0x050A	0x409810  	ADD	W1, [W0], [W0++]
0x050C	0x491010  	ADDC	W2, [W0], [W0--]
;timer.c,8 :: 		has_updated = 1;    //note an update has occured
0x050E	0x208700  	MOV	#lo_addr(_has_updated), W0
0x0510	0xA00010  	BSET	[W0], BitPos(_has_updated+0)
;timer.c,9 :: 		T1IF_bit=0;
0x0512	0xA96084  	BCLR	T1IF_bit, BitPos(T1IF_bit+0)
;timer.c,10 :: 		}
L_Timer1Interrupt0:
;timer.c,11 :: 		}
L_end_Timer1Interrupt:
0x0514	0x2001A0  	MOV	#26, W0
0x0516	0x09000C  	REPEAT	#12
0x0518	0x78104F  	POP	[W0--]
0x051A	0x78004F  	POP	W0
0x051C	0xF90036  	POP	RCOUNT
0x051E	0xF90034  	POP	PSVPAG
0x0520	0xFA8000  	ULNK
0x0522	0x064000  	RETFIE
; end of _Timer1Interrupt
;main.c,0 :: ?ICS_addressArduino [2]
0x8000	0x0008 ;?ICS_addressArduino+0
; end of ?ICS_addressArduino
;timer.c,0 :: ?ICS_millis_count [4]
0x8002	0x0000 ;?ICS_millis_count+0
0x8004	0x0000 ;?ICS_millis_count+2
; end of ?ICS_millis_count
Symbol List:
//** Routines locations **
//ADDRESS    SIZE    PROCEDURE
//----------------------------------------------
0x0200      [76]    _I2C2_Is_Idle
0x024C      [18]    _Delay_1us
0x025E      [20]    __Lib_I2C_123_p24fj_I2C2_Wait_For_Idle
0x0272      [20]    __Lib_I2C_123_p24fj_I2C2_Is_Finished
0x0286      [88]    __Divide_32x32
0x02DE      [20]    __Multiply_32x32
0x02F2      [22]    _Delay_100ms
0x0308      [32]    __Lib_I2C_123_p24fj_SetI2C2Ptrs
0x0328      [12]    _Get_Fosc_kHz
0x0334      [26]    _I2C2_Stop
0x034E      [20]    _srand
0x0362      [24]    _I2C2_Write
0x037A      [78]    _I2C2_Init
0x03C8      [52]    _I2C2_Read
0x03FC      [46]    _I2C2_Start
0x042A      [54]    _receiveMultipleDataViaI2c
0x0460      [26]    _setupTimer
0x047A      [20]    _setupI2c
0x048E      [54]    _rand
0x04C4      [46]    _sendMultipleDataViaI2c
0x04F2      [50]    _Timer1Interrupt
0x0524     [118]    _main
//** Variables locations ** 
//ADDRESS    SIZE    VARIABLE
//----------------------------------------------
0x0868       [2]    _I2C_Start_Ptr
0x086A       [2]    _I2C_Restart_Ptr
0x086C       [2]    _I2C_Read_Ptr
0x008A       [2]    IFS3
0x0214       [2]    I2C2BRG
0x086E       [2]    _I2C_Is_Idle_Ptr
0x0084       [2]    IFS0bits
0x0870       [0]    _has_updated
0x0872       [2]    _I2C_Write_Ptr
0x0874       [2]    _I2C_Stop_Ptr
0x0210       [2]    I2C2RCV
0x0218       [2]    I2C2STAT
0x0104       [2]    T1CON
0x0094       [0]    T1IE_bit
0x0084       [0]    T1IF_bit
0x0876      [32]    _I2C_writeData
0x0896      [32]    _I2C_readData
0x08B6       [4]    __Lib_CStdlib_randx
0x0216       [2]    I2C2CON
0x0212       [2]    I2C2TRN
0x00A4       [2]    IPC0
0x0102       [2]    PR1
0x08BA       [2]    __Lib_CStdlib_randf
0x0862       [2]    _addressArduino
0x0864       [4]    _millis_count
0x008A       [2]    IFS3
0x00A4       [2]    IPC0
0x0102       [2]    PR1
0x0104       [2]    T1CON
0x0210       [2]    I2C2RCV
0x0212       [2]    I2C2TRN
0x0214       [2]    I2C2BRG
0x0216       [2]    I2C2CON
0x0218       [2]    I2C2STAT
0x0014       [2]    FARG_srand_x
0x0014       [1]    FARG_I2C2_Write_data_
0x0014       [4]    FARG_I2C2_Init_scl
0x0014       [2]    FARG_I2C2_Read_ack
0x0014       [1]    FARG_receiveMultipleDataViaI2c_address
0x0016       [1]    FARG_receiveMultipleDataViaI2c_length
0x0018       [2]    FARG_receiveMultipleDataViaI2c_data_
0x0014       [1]    FARG_sendMultipleDataViaI2c_address
0x0016       [1]    FARG_sendMultipleDataViaI2c_length
0x0018       [2]    FARG_sendMultipleDataViaI2c_data_
//** Constants locations ** 
//ADDRESS    SIZE    CONSTANT
//----------------------------------------------
0x8000       [2]    ?ICS_addressArduino
0x8002       [4]    ?ICS_millis_count
